<?xml version="1.0" encoding="UTF-8"?>
<testng-results ignored="0" total="1" passed="1" failed="0" skipped="0">
  <reporter-output>
  </reporter-output>
  <suite started-at="2025-08-21T23:50:50 IST" name="Default suite" finished-at="2025-08-21T23:50:53 IST" duration-ms="3148">
    <groups>
    </groups>
    <test started-at="2025-08-21T23:50:50 IST" name="Default test" finished-at="2025-08-21T23:50:53 IST" duration-ms="3148">
      <class name="demoSecond.SecondCheck">
        <test-method signature="f()[pri:0, instance:demoSecond.SecondCheck@be35cd9]" started-at="2025-08-21T23:50:50 IST" name="f" finished-at="2025-08-21T23:50:53 IST" duration-ms="2721" status="PASS">
          <reporter-output>
          </reporter-output>
        </test-method> <!-- f -->
        <test-method is-config="true" signature="tearDown()[pri:0, instance:demoSecond.SecondCheck@be35cd9]" started-at="2025-08-21T23:50:53 IST" name="tearDown" finished-at="2025-08-21T23:50:53 IST" duration-ms="367" status="PASS">
          <reporter-output>
          </reporter-output>
        </test-method> <!-- tearDown -->
      </class> <!-- demoSecond.SecondCheck -->
    </test> <!-- Default test -->
  </suite> <!-- Default suite -->
</testng-results>
