<?xml version="1.0" encoding="UTF-8"?>
<testng-results ignored="0" total="1" passed="1" failed="0" skipped="0">
  <reporter-output>
  </reporter-output>
  <suite started-at="2025-08-21T22:23:00 IST" name="Default suite" finished-at="2025-08-21T22:23:04 IST" duration-ms="4259">
    <groups>
    </groups>
    <test started-at="2025-08-21T22:23:00 IST" name="Default test" finished-at="2025-08-21T22:23:04 IST" duration-ms="4259">
      <class name="demoChecking.NewTest1">
        <test-method signature="f()[pri:0, instance:demoChecking.NewTest1@be35cd9]" started-at="2025-08-21T22:23:00 IST" name="f" finished-at="2025-08-21T22:23:04 IST" duration-ms="3936" status="PASS">
          <reporter-output>
          </reporter-output>
        </test-method> <!-- f -->
        <test-method is-config="true" signature="tearDown()[pri:0, instance:demoChecking.NewTest1@be35cd9]" started-at="2025-08-21T22:23:04 IST" name="tearDown" finished-at="2025-08-21T22:23:04 IST" duration-ms="255" status="PASS">
          <reporter-output>
          </reporter-output>
        </test-method> <!-- tearDown -->
      </class> <!-- demoChecking.NewTest1 -->
    </test> <!-- Default test -->
  </suite> <!-- Default suite -->
</testng-results>
